1	RT	RT	RT
2	@KassHussain	USR	USR
3	:	:	:
4	RT	RT	RT
5	@newsycombinator	USR	USR
6	:	:	:
7	Signups	NNS	VBZ
8	increased	VBD	VBN
9	by	IN	IN
10	60%	CD	NN
11	after	IN	IN
12	actually	RB	RB
13	removing	VBG	VBG
14	the	DT	DT
15	signup	NN	JJ
16	form	NN	NN
17	http://j.mp/a3R3U1	URL	URL
18	@carlosdomingos	USR	USR

1	@YnYrTheOne	USR	USR
2	what	WP	WP
3	time	NN	NN
4	is	VBZ	VBZ
5	it	PRP	PRP
6	over	IN	RP
7	there	RB	RB
8	?	.	.

1	RT	RT	RT
2	@thefutoncritic	USR	USR
3	:	:	:
4	Exclusive	NN	JJ
5	:	:	:
6	FOX	NNP	NN
7	to	TO	TO
8	give	VB	VB
9	"	''	''
10	The	NNP	DT
11	Good	NNP	JJ
12	Guys	NNP	NNS
13	"	''	''
14	Saturday	NNP	NNP
15	late-night	JJ	JJ
16	slot	NN	NN
17	;	:	:
18	"	''	''
19	Running	NNP	NNP
20	Wilde	NNP	NNP
21	"	''	''
22	one-hour	JJ	JJ
23	winter	NN	NN
24	finale	NN	NN
25	December	NNP	NNP
26	28	CD	CD
27	...	:	:

1	casual	JJ	JJ
2	picture	NN	NN
3	with	IN	IN
4	Leah	NNP	NNP
5	Mason	NNP	NNP
6	outside	IN	IN
7	the	DT	DT
8	Apollo	NNP	NNP
9	tonight	NN	NN
10	..	:	:
11	cheeky	JJ	UH
12	.	.	.

1	WIN	VB	IN
2	a	DT	DT
3	GROOVY	NNP	HT
4	GIRLS	NNP	HT
5	PRINCESS	NNP	HT
6	SERAPHINA	NNP	HT
7	Doll	NNP	HT
8	@BabyStorePlus	USR	USR
9	Giveaway	NN	UH
10	a	DT	DT
11	Week	NN	NN
12	til	IN	IN
13	Christmas	NNP	NNP
14	Event	NN	NNP
15	http://goo.gl/fb/X7T4s	URL	URL
16	(	(	(
17	12/13	CD	URL
18	)	)	)

1	@msloaf	USR	USR
2	Though	IN	IN
3	I	PRP	PRP
4	do	VBP	VBP
5	agree	VB	VB
6	that	IN	IN
7	it	PRP	PRP
8	is	VBZ	VBZ
9	offensive	JJ	JJ
10	and	CC	CC
11	would	MD	MD
12	be	VB	VB
13	difficult	JJ	JJ
14	to	TO	TO
15	explain	VB	VB
16	.	.	.
17	When	WRB	WRB
18	this	DT	DT
19	stuff	NN	NN
20	happens	VBZ	VBZ
21	to	TO	TO
22	me	PRP	PRP
23	I	PRP	PRP
24	want	VBP	VBP
25	to	TO	TO
26	yell	VB	VB
27	,	,	,
28	"	''	''
29	URDUMB	UH	NNP
30	!"	''	.

1	@paulskemp	USR	USR
2	Sorry	JJ	UH
3	to	TO	TO
4	hear	VB	VB
5	!	.	.
6	:(	UH	UH
7	I	PRP	PRP
8	had	VBD	VBD
9	a	DT	DT
10	dog	NN	NN
11	for	IN	IN
12	14	CD	CD
13	years	NNS	NNS
14	and	CC	CC
15	it	PRP	PRP
16	was	VBD	VBD
17	really	RB	RB
18	tough	JJ	JJ
19	to	TO	TO
20	lose	VB	VB
21	him	PRP	PRP
22	.	.	.
23	Tough	JJ	JJ
24	to	TO	TO
25	lose	VB	VB
26	my	PRP$	PRP$
27	second	JJ	JJ
28	one	NN	NN
29	too	RB	RB
30	.	.	.

1	@ExOtiCly_ErOtiC	USR	USR
2	let	VB	VB
3	me	PRP	PRP
4	know	VBP	VBP
5	.	.	.
6	is	VBZ	VBZ
7	it	PRP	PRP
8	goin	VBG	VBG
9	off	RP	RP
10	at	IN	IN
11	liquids	NNP	JJ
12	tomorrow	NN	NN
13	i	PRP	PRP
14	might	MD	MD
15	go	VB	VB
16	???	.	.

1	RT	RT	RT
2	@justinbieber	USR	USR
3	:	:	UH
4	ATLANTIC	NNP	UH
5	CITY	NNP	UH
6	SHOW	NN	UH
7	TOMORROW	NN	UH
8	!!!	.	.

1	RT	RT	RT
2	@IDS_BroncoBeat	USR	USR
3	:	:	:
4	Boise	NNP	NNP
5	State	NNP	NNP
6	wearing	VBG	VBG
7	orange	JJ	JJ
8	pants	NNS	NNS
9	,	,	,
10	orange	JJ	JJ
11	jerseys	NNS	NNS
12	,	,	,
13	usual	JJ	JJ
14	blue	JJ	JJ
15	helmets	NNS	NNS
16	tonight	NN	NN
17	.	.	.
18	Orange	JJ	NNP
19	jerseys	NNS	NNS
20	match	VBP	VBP
21	their	PRP$	PRP$
22	regular	JJ	JJ
23	blu	JJ	NN
24	...	:	:

1	St	NNP	NNP
2	Louis	NNP	NNP
3	:	:	:
4	APR	NNP	NNP
5	Chocolate	NNP	NNP
6	Toy	NNP	NNP
7	Poodle	NNP	NNP
8	Pups	NNP	NNS
9	-	:	:
10	$300	CD	URL
11	(	(	(
12	Liberty	NNP	NNP
13	)	)	)
14	http://bit.ly/bHftHD	URL	URL
15	#eBC	HT	HT
16	#Pets	HT	HT

1	'll	MD	MD
2	be	VB	VB
3	wearing	VBG	VBG
4	my	PRP$	PRP$
5	Dr	NNP	NNS
6	.	.	.
7	J	NNP	NNP
8	#6	NN	NNP
9	jersey	NN	NNP
10	.	.	.
11	Old	NN	NNP
12	school	NN	NN
13	.	.	.
14	RT	RT	RT
15	@laurenreale	USR	USR
16	"	''	''
17	hmmm	UH	NN
18	...	:	:
19	im	PRP	PRP
20	gonna	VBG	VBG
21	wear	VB	VB
22	my	PRP$	PRP$
23	@Sixers	USR	USR
24	jersey	NN	NNP
25	tonight	NN	NN
26	......	:	HT
27	http://tl.gd/72egjj	URL	URL

1	RT	RT	RT
2	@taaeamo	USR	USR
3	Friggg	NNP	UH
4	how	WRB	WRB
5	long	JJ	RB
6	is	VBZ	VBZ
7	flow	NNP	NN
8	93.5	NNP	CD
9	gonna	VBG	VBG
10	be	VB	VB
11	new	JJ	JJ
12	?	.	.

1	Awesome	JJ	NNP
2	performance	NN	NN
3	by	IN	IN
4	The	NNP	DT
5	Wanted	NNP	VBN
6	tonight	NN	NN
7	...	:	:
8	HA	UH	NNP
9	!	.	.
10	@wl_wl_wl	USR	USR
11	@I_am_Ben_D	USR	USR

1	oh	UH	UH
2	yeah	UH	UH
3	today	NN	NN
4	was/is	VBZ	VBZ
5	a	DT	DT
6	GREAT	JJ	JJ
7	day	NN	NN
8	!!!!	.	.
9	@dayis017	USR	USR
10	@sebastianribo	USR	USR

1	NO	UH	DT
2	Saints	NNP	JJ
3	R	VBP	NN
4	.	.	.
5	Buch	NNP	HT
6	might	MD	MD
7	come	VB	VB
8	back	RB	RP
9	n	CC	CC
10	play	VB	VB
11	vs	IN	IN
12	Seahawks	NNP	NNS
13	on	IN	IN
14	Sunday	NNP	NNP
15	??	.	.

1	Kfc	NNP	NNP
2	!	.	.
3	my	PRP$	PRP$
4	mom	NN	NN
5	wuz	VBD	RB
6	pushy	JJ	JJ
7	in	IN	IN
8	there	RB	RB
9	,	,	,
10	damn	UH	UH
11	~December*18th~	NNP	UH

1	@MrPregameShawty	USR	USR
2	Lol	UH	UH
3	i	PRP	PRP
4	be	VBP	VB
5	trippin	VBG	NN
6	when	WRB	WRB
7	i	PRP	PRP
8	get	VBP	VBP
9	bored	JJ	VBN
10	!	.	.

1	I	PRP	PRP
2	do	VBP	VBP
3	hope	VB	VBP
4	we	PRP	PRP
5	beat	VBP	VBD
6	the	DT	DT
7	wanderers	NNP	JJ
8	tomorrow	NN	NN
9	#coys	HT	NNS

1	Fabulous	JJ	NNP
2	day	NN	NN
3	on	IN	IN
4	the	DT	DT
5	Surf	NNP	NNP
6	Coast	NNP	NNP
7	http://twitpic.com/38c0c6	URL	URL

1	yayi	PRP	RB
2	dont	VBP	VBP
3	think	VB	VB
4	today	NN	NN
5	can	MD	MD
6	get	VB	VB
7	any	DT	DT
8	better	JJR	JJ
9	@planetjedward	USR	USR
10	and	CC	CC
11	@thewantedmusic	USR	USR
12	on	IN	IN
13	my	PRP$	PRP$
14	tv	NN	NN
15	:)	UH	UH
16	aka	VBN	UH
17	derek	NNP	UH
18	[	(	:
19	Like	VB	IN
20	it	PRP	PRP
21	?	.	.
22	http://bit.ly/9U3nrK	URL	URL
23	]	)	)

1	Saying	VBG	VBG
2	"	''	''
3	I	PRP	PRP
4	'm	VBP	VBP
5	having	VBG	VBG
6	a	DT	DT
7	bad	JJ	JJ
8	hair	NN	NN
9	day	NN	NN
10	"	''	''
11	is	VBZ	VBZ
12	a	DT	DT
13	huge	JJ	JJ
14	understatement	NN	NN
15	today	NN	NN
16	...	:	:
17	I	PRP	PRP
18	do	VBP	VBP
19	n't	RB	RB
20	know	VB	VB
21	if	IN	IN
22	my	PRP$	PRP$
23	hair	NN	NN
24	has	VBZ	VBZ
25	EVER	RB	NNP
26	looked	VBN	VBD
27	this	DT	DT
28	disheveled	JJ	JJ
29	!	.	.

1	The	DT	DT
2	inevitability	NN	NN
3	of	IN	IN
4	ambivalence	NN	NN
5	--	:	:
6	on	IN	IN
7	my	PRP$	PRP$
8	blog	NN	NN
9	,	,	,
10	After	NNP	IN
11	Psychotherapy	NNP	NNP
12	.	.	.
13	http://tiny.ly/isQV	URL	URL

1	Tonight	NN	NNP
2	's	POS	POS
3	episode	NN	NN
4	of	IN	IN
5	Sym-Bionic	NNP	NNP
6	Titan	NNP	NNP
7	was	VBD	VBD
8	ADORABLE	JJ	NNP
9	...	:	:

1	WHY	WRB	WRB
2	IS	VBZ	VBZ
3	TODAY	NN	NN
4	SO	RB	UH
5	SLOW	JJ	UH
6	?!	.	.
7	O	UH	UH
8	.	UH	.
9	o	UH	HT

1	omfg	UH	RB
2	there	EX	EX
3	was	VBD	VBD
4	a	DT	DT
5	pigeon	NN	NN
6	and	CC	CC
7	cockatoo	NN	NN
8	on	IN	IN
9	my	PRP$	PRP$
10	bathroom	NN	JJ
11	window	NN	NN
12	sill	NN	NN
13	outside	IN	NN
14	and	CC	CC
15	it	PRP	PRP
16	scared	VBD	VBD
17	me	PRP	PRP
18	when	WRB	WRB
19	i	PRP	PRP
20	showered	VBD	VBD
21	=(	UH	UH
22	(	UH	UH

1	Sorry	UH	NNP
2	but	CC	CC
3	if	IN	IN
4	my	PRP$	PRP$
5	baby	NN	NN
6	is	VBZ	VBZ
7	gonna	VBG	VBG
8	sound	VB	NN
9	that	RB	IN
10	silly	JJ	JJ
11	when	WRB	WRB
12	reading	VBG	NN
13	at	IN	IN
14	age	NN	NN
15	3	CD	UH
16	then	IN	RB
17	'll	MD	MD
18	take	VB	VB
19	my	PRP$	PRP$
20	chances	NNS	NNS
21	__AND__	CC	CC
22	wait	VB	VB
23	till	IN	IN
24	they	PRP	PRP
25	're	VBP	VBP
26	6	CD	CD
27	.	.	.
28	#yourbabycanread	HT	HT

1	@_liinds	USR	USR
2	yehhh	UH	UH
3	!	.	.
4	i	PRP	PRP
5	thinkk	VBP	VBP
6	i	PRP	PRP
7	got	VBD	VBD
8	it	PRP	PRP
9	(	UH	UH
10	:	UH	:
11	the	DT	DT
12	guy	NN	NN
13	told	VBD	VBD
14	me	PRP	PRP
15	'll	MD	MD
16	call	VB	VB
17	me	PRP	PRP
18	when	WRB	WRB
19	he	PRP	PRP
20	gets	VBZ	VBZ
21	my	PRP$	PRP$
22	application	NN	NN
23	to	TO	TO
24	the	DT	DT
25	person	NN	NN
26	!	.	.
27	its	PRP	PRP
28	the	DT	DT
29	one	NN	NN
30	in	IN	IN
31	herold	NNP	JJ
32	square	NNP	NN
33	!	.	.

1	Got	VBD	VBZ
2	the	DT	DT
3	stuff	NN	NN
4	to	TO	TO
5	make	VB	VB
6	egg	NN	NN
7	rolls	NNS	NNS
8	for	IN	IN
9	work	NN	NN
10	monday	NNP	NNP

1	@Royalsbf	USR	USR
2	Steve	NNP	NNP
3	...	:	:
4	hello	UH	UH
5	,	,	,
6	how	WRB	WRB
7	are	VBP	VBP
8	you	PRP	PRP
9	?	.	.
10	All	DT	RB
11	the	DT	DT
12	gals	NNS	NNS
13	are	VBP	VBP
14	here	RB	RB
15	tonight	NN	RB

1	#eritrea	HT	RB
2	Top	JJ	JJ
3	amateurs	NNS	NNS
4	in	IN	IN
5	North	NNP	NNP
6	Rift	NNP	NNP
7	for	IN	IN
8	Manchester	NNP	NNP
9	Salver	NNP	NNP
10	:	:	:
11	After	IN	IN
12	failing	VBG	VBG
13	to	TO	TO
14	recapture	VB	VB
15	the	DT	DT
16	East	NNP	NNP
17	Africa	NNP	NNP
18	Chal	NNP	NNP
19	...	:	:
20	http://bit.ly/9HIJAp	URL	URL
21	#news	HT	HT

1	@UrbanDecay411	USR	USR
2	so	RB	RB
3	stoked	JJ	VBN
4	got	VBD	VBN
5	some	DT	DT
6	lip	NN	JJ
7	junkie	NN	NN
8	in	IN	IN
9	heavy	JJ	JJ
10	__AND__	CC	CC
11	am	VBP	VBP
12	picking	VBG	VBG
13	my	PRP$	PRP$
14	book	NN	NN
15	of	IN	IN
16	shadows	NNS	NNS
17	II	RB	NNP
18	tomorrow	NN	NN
19	!	.	.
20	So	RB	RB
21	stoked	VBN	VBN
22	!	.	.
23	:D	UH	UH

1	@InuBoA_Kwon	USR	USR
2	i	PRP	PRP
3	told	VBD	VBD
4	her	PRP	PRP
5	you	PRP	PRP
6	r	VBP	VBP
7	very	RB	RB
8	lucky	JJ	JJ
9	to	TO	TO
10	know	VB	VB
11	me	PRP	PRP
12	in	IN	IN
13	past	JJ	JJ
14	year	NN	NN
15	ago	RB	RB
16	.	.	.
17	i	PRP	PRP
18	had	VBD	VBD
19	1	CD	CD
20	mention	NN	NN
21	from	IN	IN
22	my	PRP$	PRP$
23	fans	NNS	NNS
24	she	PRP	PRP
25	said	VBD	VBD
26	i	PRP	PRP
27	same	JJ	JJ
28	characters	NNS	NNS
29	as	IN	IN
30	@BoA_1105	USR	USR

1	RT	RT	RT
2	@cstatus	USR	USR
3	:	:	:
4	pet	NN	JJ
5	peeve	NN	NN
6	when	WRB	WRB
7	niggas	NNS	NNS
8	do	VBP	VBP
9	n't	RB	RB
10	tag	VB	VB
11	albums	NNS	NNS
12	right	RB	RB
13	...	:	:
14	lowercase	JJ	JJ
15	track	NN	NN
16	names	NNS	NNS
17	and	CC	CC
18	shit	NN	NN

1	@WriteRCastle	USR	USR
2	So	UH	UH
3	,	,	,
4	when	WRB	WRB
5	do	VBP	VBP
6	you	PRP	PRP
7	start	VBP	VBP
8	the	DT	DT
9	next	JJ	JJ
10	book	NN	NN
11	?	.	.
12	Surely	RB	RB
13	you	PRP	PRP
14	want	VBP	VBP
15	another	DT	DT
16	bestseller	NN	JJ
17	next	JJ	JJ
18	year	NN	NN
19	!	.	.

1	Next	JJ	JJ
2	time	NN	NN
3	:	:	:
4	cocktails	NNS	NNS
5	.	.	.
6	Yes	UH	UH
7	.	.	.
8	Need	VBP	VBP
9	to	TO	TO
10	get	VB	VB
11	tolerance	NN	NN
12	up	RP	RB
13	again	RB	RB
14	.	.	.
15	I	PRP	PRP
16	have	VBP	VBP
17	none	NN	NN
18	.	.	.
19	(	(	-LRB-
20	hills	NNP	NNS
21	-	:	:
22	on	IN	IN
23	own	JJ	JJ
24	-	:	:
25	tomorrow	NN	NN
26	...	:	:
27	'll	MD	MD
28	be	VB	VB
29	interesting	JJ	JJ
30	.	.	.
31	)	)	-RRB-

1	I	PRP	PRP
2	hate	VBP	VBP
3	when	WRB	WRB
4	people	NNS	NNS
5	do	VBP	VBP
6	shit	NN	NN
7	like	IN	IN
8	that	DT	DT

1	2	CD	CD
2	days	NNS	NNS
3	til	IN	IN
4	#houseofmirrors	HT	HT
5	#houseofmirrors	HT	HT
6	#houseofmirrors	HT	HT
7	#houseofmirrors	HT	HT
8	#houseofmirrors	HT	HT
9	#houseofmirrors	HT	HT
10	#houseofmirrors	HT	HT
11	#houseofmirrors	HT	HT
12	!	.	.

1	@GuardWifeL	USR	USR
2	@TiffanyGreen48	USR	USR
3	I	PRP	PRP
4	've	VBP	VBP
5	already	RB	RB
6	#ff'ed	HT	VBD
7	her	PRP	PRP
8	she	PRP	PRP
9	's	VBZ	VBZ
10	not	RB	RB
11	worthy	JJ	JJ
12	of	IN	IN
13	two	CD	CD
14	in	IN	IN
15	one	CD	CD
16	day	NN	NN
17	!	.	.
18	Lol	UH	UH

1	@ginamak	USR	USR
2	I	PRP	PRP
3	've	VBP	VBP
4	had	VBN	VBN
5	what	WP	WP
6	was	VBD	VBD
7	purportedly	RB	RB
8	Chicago-style	JJ	JJ
9	thin	JJ	JJ
10	crust	NN	NN
11	from	IN	IN
12	a	DT	DT
13	pizzeria	NN	NN
14	in	IN	IN
15	this	DT	DT
16	area	NN	NN
17	before	RB	IN
18	.	.	.
19	It	PRP	PRP
20	was	VBD	VBD
21	very	RB	RB
22	tasty	JJ	JJ
23	,	,	,
24	but	CC	CC
25	the	DT	DT
26	...	:	:

1	#oneofmyfollowers	HT	NNS
2	has	VBZ	VBZ
3	the	DT	DT
4	hoodie	NN	NN
5	I	PRP	PRP
6	wanna	VBP	VBP
7	wear	VB	VB
8	tonite	NN	NN
9	.	.	.
10	#ohwell	HT	HT

1	@Team_Panic	USR	USR
2	omg	UH	UH
3	,	,	,
4	i	PRP	PRP
5	wish	VBP	VBP
6	i	PRP	PRP
7	got	VBN	VBD
8	paid	VBN	VBN
9	to	TO	TO
10	freak	VB	VB
11	people	NNS	NNS
12	out	RP	RP
13	.	.	.
14	it	PRP	PRP
15	's	VBZ	VBZ
16	so	RB	RB
17	funny	JJ	JJ
18	when	WRB	WRB
19	they	PRP	PRP
20	think	VBP	VBP
21	you'r	PRP	RB
22	serious	JJ	JJ
23	.	.	.
24	noobs	NNS	HT
25	.	.	.

1	Polling	NN	VBG
2	ends	VBZ	NNS
3	in	IN	IN
4	Bihar	NNP	NNP
5	today	NN	NN
6	,	,	,
7	counting	NN	VBG
8	on	IN	IN
9	November	NNP	NNP
10	24	CD	CD
11	http://toi.in/ujtwya	URL	URL

1	@JoeyImageDotCom	USR	USR
2	black	NN	JJ
3	friday	NN	NN
4	i	PRP	PRP
5	work	VBP	VBP
6	2-11	JJ	JJ
7	not	RB	RB
8	too	RB	RB
9	bad	JJ	JJ
10	lol	UH	UH

1	@TooSavii4tv	USR	USR
2	alright	UH	UH
3	bro	UH	UH
4	unc	NNP	RB
5	said	VBD	VBD
6	he	PRP	PRP
7	do	VBP	VBP
8	n't	RB	RB
9	what	WP	WP
10	time	NN	NN
11	he	PRP	PRP
12	gonna	VBG	VBG
13	get	VB	VB
14	there	RB	RB
15	but	CC	CC
16	just	RB	RB
17	stay	VB	VB
18	cus	IN	NNS
19	he	PRP	PRP
20	's	VBZ	VBZ
21	gonna	VBG	VBG
22	cum	VB	NN

1	@Kristi_Taylor	USR	USR
2	Going	VBG	VBG
3	to	TO	TO
4	Windsor	NNP	NNP
5	tomorrow	NN	NN
6	.	.	.
7	Are	VBP	VBP
8	you	PRP	PRP
9	free	JJ	VBP
10	on	IN	IN
11	Sunday	NNP	NNP
12	?	.	.

1	RT	RT	RT
2	@michael_schlact	USR	USR
3	:	:	:
4	"	''	''
5	Nobody	NN	NN
6	can	MD	MD
7	go	VB	VB
8	back	RB	RP
9	and	CC	CC
10	start	VB	VB
11	a	DT	DT
12	new	JJ	JJ
13	beginning	NN	NN
14	,	,	,
15	but	CC	CC
16	anyone	NN	NN
17	can	MD	MD
18	start	VB	VB
19	today	NN	NN
20	and	CC	CC
21	make	VB	VB
22	a	DT	DT
23	new	JJ	JJ
24	ending	NN	NN
25	."	''	:

1	@BeeeestDJ	USR	USR
2	it	PRP	PRP
3	seems	VBZ	VBZ
4	like	IN	IN
5	i	PRP	PRP
6	gotta	VBN	RB
7	ignore	VB	VB
8	you	PRP	PRP
9	for	IN	IN
10	a	DT	DT
11	whole	JJ	JJ
12	week	NN	NN
13	.	.	.
14	-	UH	:
15	,	UH	,
16	-	UH	:
17	blame	VB	VB
18	yerself	PRP	NN
19	for	IN	IN
20	being	VBG	VBG
21	cheesy	JJ	NN
22	.	.	.

1	Bday	NN	NNP
2	party	NN	NN
3	for	IN	IN
4	@SILVRSCREENSTAR	USR	USR
5	then	IN	RB
6	hp6	NNP	VB
7	with	IN	IN
8	my	PRP$	PRP$
9	girls	NNS	NNS
10	to	TO	TO
11	get	VB	VB
12	ready	JJ	JJ
13	for	IN	IN
14	Sunday	NNP	NNP
15	!!	.	.

1	RT	RT	RT
2	@keytaeonjongmin	USR	USR
3	:	:	:
4	@KPOPSHINee	USR	USR
5	sharing	VBG	VBG
6	a	DT	DT
7	room	NN	NN
8	with	IN	IN
9	onew	NNP	NN
10	.	.	.
11	so	RB	UH
12	i	PRP	PRP
13	can	MD	MD
14	see	VB	VB
15	him	PRP	PRP
16	evertime/day	NN	VBP
17	__AND__	CC	CC
18	so	RB	RB
19	that	IN	IN
20	we	PRP	PRP
21	can	MD	MD
22	be	VB	VB
23	more	RBR	RBR
24	closer	RBR	RBR
25	keke	UH	JJ
26	^^	UH	NN

1	@iHeartHummelToo	USR	USR
2	yeah	UH	UH
3	!	.	.
4	I	PRP	PRP
5	've	VBP	VBP
6	never	RB	RB
7	noticed	VBN	VBD
8	it	PRP	PRP
9	before	IN	RB
10	,	,	,
11	I	PRP	PRP
12	'm	VBP	VBP
13	sure	JJ	RB
14	it	PRP	PRP
15	must	MD	MD
16	be	VB	VB
17	new	JJ	JJ
18	:/	UH	:

1	Hanging	VBG	VBG
2	out	RP	RP
3	with	IN	IN
4	drama	NNP	NN
5	tonight	NN	NN
6	to	TO	TO
7	check	VB	VB
8	out	RP	RP
9	his	PRP$	PRP$
10	calves	NNS	NNS

1	@Demi_Louis	USR	USR
2	awwwwwwww	UH	UH
3	go	VB	VB
4	son	NN	NN
5	momma	NN	NN
6	loves	VBZ	VBZ
7	you	PRP	PRP
8	since	IN	IN
9	the	DT	DT
10	day	NN	NN
11	you	PRP	PRP
12	were	VBD	VBD
13	born	VBN	VBN
14	:)	UH	UH
15	#MOMMATWEET	HT	UH

1	Pretty	RB	RB
2	disappointed	VBN	VBN
3	in	IN	IN
4	the	DT	DT
5	brothers	NNS	NNS
6	tonight	NN	NN
7	...	:	:
8	1	CD	CD
9	.	.	.
10	We	PRP	PRP
11	lost	VBD	VBD
12	jeopardy	NN	NN
13	and	CC	CC
14	2	CD	CD
15	.	.	.
16	they	PRP	PRP
17	're	VBP	VBP
18	pissing	VBG	VBG
19	me	PRP	PRP
20	off	RP	RP
21	more	RBR	RBR
22	and	CC	CC
23	more	RBR	RBR
24	each	DT	DT
25	day	NN	NN
26	.	.	.

1	@defpenradio	USR	USR
2	@boomkack	USR	USR
3	@ladygaga	USR	USR
4	We	PRP	PRP
5	've	VBP	VBP
6	beeb	VBN	RB
7	waiting	VBG	VBG
8	enthusiastically	RB	RB
9	for	IN	IN
10	half	JJ	PDT
11	a	DT	DT
12	year	NN	NN
13	.	.	.
14	I	PRP	PRP
15	think	VBP	VBP
16	its	PRP	PRP$
17	about	IN	JJ
18	time	NN	NN
19	.	.	.
20	We	PRP	PRP
21	're	VBP	VBP
22	dying	VBG	VBG
23	.	.	.
24	#BornThisWay	HT	HT

1	:)	UH	UH
2	RT	RT	RT
3	@ashtondoyle	USR	USR
4	:	:	:
5	I	PRP	PRP
6	am	VBP	VBP
7	a	DT	DT
8	total	JJ	JJ
9	dork	NN	NN
10	.	.	.
11	But	CC	CC
12	having	VBG	VBG
13	Flipboard	VBD	VBN
14	up	IN	RP
15	on	IN	IN
16	my	PRP$	PRP$
17	desk	NN	NN
18	all	DT	DT
19	day	NN	NN
20	makes	VBZ	VBZ
21	me	PRP	PRP
22	happy	JJ	JJ
23	.	.	.
24	http://plixi.com/p/57934009	URL	URL

1	plez	VB	JJ
2	check	VB	NN
3	https://owensoto.wordpress.com/	NN	URL
4	(	(	UH
5	my	PRP$	PRP$
6	blog	NN	NN
7	)	)	-RRB-
8	__AND__	CC	CC
9	http://www.youtube.com/user/22Soto22?feature=mhum	URL	URL
10	(	(	UH
11	my	PRP$	PRP$
12	youtube	NNP	WRB
13	channel	NN	VBP
14	)	)	UH
15	if	IN	JJ
16	u	PRP	PRP
17	have	VBP	VBP
18	time	NN	VB

1	@RaqC	USR	USR
2	fo	UH	UH
3	shoooo	UH	UH
4	!	.	.
5	Jajaja	UH	HT
6	luv	VBP	HT
7	u	PRP	PRP
8	girl	NN	UH
9	.	.	.
10	How	WRB	WRB
11	was	VBD	VBD
12	your	PRP$	PRP$
13	day	NN	NN
14	?	.	.

1	RT	RT	RT
2	@mhking	USR	USR
3	:	:	:
4	Memphis	NNP	NNP
5	man	NN	NN
6	shoots	VBZ	VBZ
7	teen	NN	NN
8	who	WP	WP
9	refuses	VBZ	VBZ
10	to	TO	TO
11	pull	VB	VB
12	up	RP	RP
13	saggy	NN	JJ
14	pants	NNS	NNS
15	http://t.co/wZ0LIUw	URL	URL

1	hates	VBZ	VBZ
2	it	PRP	PRP
3	when	WRB	WRB
4	people	NNS	NNS
5	untag	VBP	VBP
6	there	PRP$	EX
7	selfs	PRP	VBZ
8	from	IN	IN
9	pictures	NNS	NNS
10	that	IN	IN
11	no	DT	DT
12	ones	NN	NNS
13	even	RB	RB
14	going	VBG	VBG
15	to	TO	TO
16	look	VB	VB
17	at	IN	IN
18	!	.	.
19	-	UH	:
20	.	UH	URL
21	-	UH	:
22	@_Rhiann	USR	USR

1	@Haworthinc	USR	USR
2	Hey	UH	UH
3	there	UH	EX
4	RP	NNP	VBZ
5	...	:	:
6	Hope	VBP	VBP
7	you	PRP	PRP
8	're	VBP	VBP
9	having	VBG	VBG
10	a	DT	DT
11	great	JJ	JJ
12	Monday	NNP	NNP
13	!...	.	NNP
14	JG	NNP	NNP

1	A	DT	DT
2	NEW	JJ	JJ
3	Alcohol	NN	NN
4	energy	NN	NN
5	drink	NN	NN
6	...	:	:
7	which	WDT	WDT
8	may	MD	MD
9	be	VB	VB
10	banned	VBN	VBN
11	..	:	:
12	because	IN	IN
13	it	PRP	PRP
14	causes	VBZ	VBZ
15	problems	NNS	NNS
16	among	IN	IN
17	college	NN	NN
18	students	NNS	NNS
19	.	.	.

1	Gonna	VBG	RB
2	start	VB	VB
3	my	PRP$	PRP$
4	gym	NN	NN
5	back	RB	NN
6	tomorrow	NN	NN
7	!!	.	.

1	@TheMichaelSuper	USR	USR
2	good	UH	UH
3	morning	UH	UH
4	!	.	.
5	How	WRB	WRB
6	are	VBP	VBP
7	you	PRP	PRP
8	today	NN	NN
9	?	.	.

1	RT	RT	RT
2	@RestaurantsATL	USR	USR
3	:	:	:
4	It	PRP	PRP
5	's	POS	VBZ
6	National	NNP	NNP
7	Taco	NNP	NNP
8	Day	NNP	NNP
9	.	.	.
10	BOGO	NNP	UH
11	FREE	JJ	JJ
12	tacos	NNS	NNS
13	at	IN	IN
14	all	DT	DT
15	three	CD	CD
16	Tin	NNP	NNP
17	Lizzie	NNP	NNP
18	's	POS	POS
19	locations	NNS	NNS
20	!	.	.
21	http://ow.ly/2O5OA	URL	URL
22	#Atlanta	HT	URL
23	(	(	(
24	via	IN	IN
25	@365At	USR	USR
26	...	:	:

1	Do	VB	VBP
2	n't	RB	RB
3	miss	VB	VB
4	out	RP	RP
5	on	IN	IN
6	our	PRP$	PRP$
7	Clearance	JJ	NNP
8	Blowout	JJ	NNP
9	Sale	NN	NNP
10	!	.	.
11	LAST	JJ	HT
12	DAY	NN	NN
13	for	IN	IN
14	an	DT	DT
15	additional	JJ	JJ
16	15%	NN	NN
17	off	IN	RP
18	on	IN	IN
19	all	DT	DT
20	clearance	NN	NN
21	items	NNS	NNS
22	-	:	:
23	Visit	VB	HT
24	http://bit.ly/clr104	URL	URL

1	matiin	NNP	JJ
2	lampu	NNP	NN
3	,	,	,
4	and	CC	CC
5	sleep	NN	VB
6	zz	UH	NN
7	.	.	.
8	nite	UH	HT
9	world	UH	NN
10	!	.	.
11	see	VB	VB
12	u	PRP	PRP
13	tomorrow	NN	NN

1	LOOP	NNP	UH
2	PRODUCTION	NNP	UH
3	PRESENT	VBZ	UH
4	!!!	.	.
5	**ROCKSTAR**THURSDAY	SYM	NNP
6	7	CD	CD
7	OCT	NNP	CD
8	2010	CD	CD
9	ONLY	RB	NN
10	@	IN	IN
11	EQUINOX	NNP	HT
12	!!!!!!!	.	HT
13	INFO	NN	HT
14	08176595105	CD	HT
15	http://yfrog.com/j7o94pj	URL	URL
16	.	.	.

1	I	PRP	PRP
2	'm	VBP	VBP
3	stressed	VBN	VBN
4	at	IN	IN
5	9am	CD	NN
6	,	,	,
7	shopping	VBG	NN
8	on	IN	IN
9	my	PRP$	PRP$
10	lunch	NN	NN
11	break	NN	NN
12	.....	:	:
13	i	PRP	PRP
14	ca	MD	MD
15	n't	RB	RB
16	deal	VB	VB
17	w/	IN	RB
18	this	DT	DT
19	shit	NN	NN
20	today	NN	NN
21	.	.	.
22	#retailtherapy	HT	HT

1	I	PRP	PRP
2	am	VBP	VBP
3	in	IN	IN
4	such	JJ	PDT
5	a	DT	DT
6	good	JJ	JJ
7	mood	NN	NN
8	,	,	,
9	i	PRP	PRP
10	should	MD	MD
11	probably	RB	RB
12	do	VBP	VB
13	my	PRP$	PRP$
14	math	NN	NN
15	before	IN	IN
16	my	PRP$	PRP$
17	mood	NN	NN
18	changes	VBZ	NNS
19	and	CC	CC
20	i	PRP	PRP
21	dont	VBP	VBP
22	want	VB	VBP
23	to	TO	TO
24	later	RB	RB
25	...	:	:
26	lol	UH	UH

1	RT	RT	RT
2	@Daigetsbusi	USR	USR
3	:	:	:
4	After	IN	IN
5	@Rob_Manuchi	USR	USR
6	Bday	NN	UH
7	Bash	NN	UH
8	I	PRP	PRP
9	'm	VBP	VBP
10	not	RB	RB
11	doing	VBG	VBG
12	nothing	NN	NN
13	Else	RB	NNS
14	if	IN	IN
15	its	PRP	PRP$
16	local	JJ	JJ
17	...	:	:
18	Nope	UH	UH

1	@Jezkwon	USR	USR
2	@kpop_stuff	USR	USR
3	Tweet	VB	UH
4	me	PRP	PRP
5	a	DT	DT
6	member	NN	NN
7	for	IN	IN
8	picspam	NNP	NN
9	.	.	.
10	Will	MD	MD
11	do	VB	VB
12	them	PRP	PRP
13	tomorrow	NN	NN
14	morning	NN	NN
15	.	.	.
16	(	UH	UH
17	:	UH	:

1	Wow	UH	NNP
2	,	,	,
3	i	PRP	PRP
4	feel	VBP	VBP
5	so	RB	RB
6	much	RB	RB
7	better	JJR	JJR
8	after	IN	IN
9	working	VBG	VBG
10	out	RP	RP
11	:)	UH	UH
12	so	RB	RB
13	worth	JJ	IN
14	it	PRP	PRP
15	.	.	.

1	RT	RT	RT
2	@treeoflifeceleb	USR	USR
3	:	:	:
4	If	IN	IN
5	I	PRP	PRP
6	knew	VBD	VBD
7	I	PRP	PRP
8	should	MD	MD
9	die	VB	VB
10	tomorrow	NN	NN
11	,	,	,
12	I	PRP	PRP
13	would	MD	MD
14	plant	VB	VB
15	a	DT	DT
16	tree	NN	NN
17	today	NN	NN
18	.	.	.
19	~Stephen	NNP	HT
20	Girard~	NNP	HT
21	Come	VB	VB
22	to	TO	TO
23	the	DT	DT
24	Tree	NNP	NN
25	of	IN	IN
26	Life	NN	NNP
27	Celebration	NN	NNP
28	!	.	.
29	...	:	:

1	@StarJonesEsq	USR	USR
2	just	RB	RB
3	shocked	VBD	VBN
4	me	PRP	PRP
5	for	IN	IN
6	the	DT	DT
7	second	JJ	JJ
8	time	NN	NN
9	..	:	:
10	she	PRP	PRP
11	's	VBZ	VBZ
12	a	DT	DT
13	lawyer	NN	NN
14	!?	.	UH
15	LOL	UH	UH
16	.	.	.
17	No	UH	UH
18	tell	VB	VB
19	me	PRP	PRP
20	it	PRP	PRP
21	's	VBZ	VBZ
22	April	NNP	NNP
23	1st	CD	CD
24	right	RB	NN
25	now	RB	RB
26	.	.	.

1	Y	WRB	NNP
2	iis	VBZ	NNS
3	Love	NN	VBP
4	so	RB	RB
5	strong	JJ	JJ
6	..	:	:
7	y	WRB	NN
8	ca	MD	MD
9	n't	RB	RB
10	you	PRP	PRP
11	say	VBP	VBP
12	fuck	UH	VB
13	iit	UH	NN
14	when	WRB	WRB
15	you	PRP	PRP
16	want	VBP	VBP
17	too	TO	RB
18	???	.	.

1	This	DT	DT
2	will	MD	MD
3	be	VB	VB
4	a	DT	DT
5	great	JJ	JJ
6	week	NN	NN
7	hell	UH	NN
8	a	DT	DT
9	great	JJ	JJ
10	month	NN	NN

1	@MeredithLim	USR	USR
2	No	UH	UH
3	.	.	.
4	Tomorrow	NN	NN
5	.	.	.

1	CIty	NN	HT
2	Sponsors	VBZ	HT
3	Drug	NN	NNP
4	Toss	NN	VBZ
5	To	TO	TO
6	Dispose	VB	VB
7	Of	IN	IN
8	Expired	JJ	JJ
9	Medications	NNS	NNS
10	:	:	:
11	Louisville	NNP	NNP
12	and	CC	CC
13	several	JJ	JJ
14	partners	NNS	NNS
15	are	VBP	VBP
16	offering	VBG	VBG
17	three	CD	CD
18	days	NNS	NNS
19	...	:	:
20	http://bit.ly/bbUSMP	URL	URL

1	October	NNP	NNP
2	is	VBZ	VBZ
3	Breast	NNP	NNP
4	Cancer	NNP	NNP
5	Awareness	NNP	VBZ
6	month	NN	NN
7	-	:	:
8	a	DT	DT
9	portion	NN	NN
10	of	IN	IN
11	the	DT	DT
12	proceeds	NNS	NNS
13	from	IN	IN
14	purchase	NN	NN
15	of	IN	IN
16	this	DT	DT
17	beautiful	JJ	JJ
18	diamond	NN	NN
19	...	:	:
20	http://fb.me/B680RuaH	URL	URL

1	@Freyza_	USR	USR
2	oh	UH	UH
3	thats	DT	WDT
4	not	RB	RB
5	so	RB	RB
6	bad	JJ	JJ
7	then	RB	RB
8	?	.	.
9	And	CC	CC
10	,	,	,
11	what	WP	WP
12	time	NN	NN
13	do	VBP	VBP
14	you	PRP	PRP
15	get	VBP	VBP
16	off	RP	RP
17	?	.	.

1	No	DT	DT
2	bike	NN	NN
3	t'day	NN	UH
4	:(	UH	UH

1	@BrianNeudorff	USR	USR
2	I	PRP	PRP
3	have	VBP	VBP
4	n't	RB	RB
5	seen	VBN	VBN
6	it	PRP	PRP
7	in	IN	IN
8	so	RB	RB
9	long	RB	RB
10	!	.	.
11	I	PRP	PRP
12	'm	VBP	VBP
13	overdue	JJ	JJ
14	for	IN	IN
15	some	DT	DT
16	thundersnow	NNP	NN

1	RT	RT	RT
2	@KamilleLeai	USR	USR
3	:	:	:
4	Even	RB	RB
5	when	WRB	WRB
6	u	PRP	PRP
7	have	VBP	VBP
8	no	DT	DT
9	job	NN	NN
10	,	,	,
11	monday	NNP	NNP
12	's	POS	VBZ
13	still	RB	RB
14	suck	VB	UH
15	lol	UH	UH

1	corrr	NN	RB
2	about	IN	RB
3	,	,	,
4	'	''	''
5	bet	VBP	VBD
6	id	PRP	RB
7	have	VB	VB
8	money	NN	NN
9	then	RB	RB
10	'	''	''
11	obviously	RB	RB
12	its	PRP	PRP$
13	ma	PRP$	JJ
14	bday	NN	NN
15	like	IN	IN
16	i	PRP	PRP
17	wont	MD	RB
18	get	VB	VB
19	bday	NN	JJ
20	money	NN	NN
21	lool	UH	NN
22	some	DT	DT
23	ppl	NNS	NNS
24	make	VBP	VBP
25	me	PRP	PRP
26	lol	UH	UH
27	,	,	,
28	hard	JJ	JJ
29	time	NN	NN
30	these	DT	DT
31	days	NNS	NNS
32	man	NN	NN

1	It	PRP	PRP
2	was	VBD	VBD
3	just	RB	RB
4	the	DT	DT
5	best	JJS	JJS
6	day	NN	NN
7	of	IN	IN
8	my	PRP$	PRP$
9	life	NN	NN
10	..	:	:
11	thanks	NNS	NNS
12	to	TO	TO
13	some	DT	DT
14	people	NNS	NNS
15	and	CC	CC
16	the	DT	DT
17	unknown	JJ	JJ
18	old	JJ	JJ
19	lady	NN	NN
20	for	IN	IN
21	sharing	VBG	VBG
22	her	PRP$	PRP$
23	experience	NN	NN
24	__AND__	CC	CC
25	advice	NN	NN
26	...	:	:

1	@pegasus_za	USR	USR
2	You	PRP	PRP
3	're	VBP	VBP
4	welcome	JJ	JJ
5	.	.	.
6	Yeah	UH	UH
7	,	,	,
8	it	PRP	PRP
9	's	VBZ	VBZ
10	not	RB	RB
11	a	DT	DT
12	bad	JJ	JJ
13	day	NN	NN
14	,	,	,
15	just	RB	RB
16	feeling	VBG	VBG
17	a	DT	DT
18	little	RB	JJ
19	tired	JJ	JJ
20	and	CC	CC
21	ill	PRP	JJ
22	.	.	.
23	How	WRB	WRB
24	's	VBZ	VBZ
25	it	PRP	PRP
26	going	VBG	VBG
27	with	IN	IN
28	you	PRP	PRP
29	?	.	.

1	Think	VBP	VBP
2	I'ma	PRP	RB
3	make	VB	VB
4	@GrownWomanStuff	USR	USR
5	have	VBP	VB
6	a	DT	DT
7	shoegasm	NN	JJ
8	today	NN	NN
9	hahahaha	UH	NN

1	RT	RT	RT
2	@politicalwind	USR	USR
3	:	:	:
4	Congress	NNP	NNP
5	punts	NNS	NNS
6	tough	JJ	JJ
7	choice	NN	NN
8	until	IN	IN
9	after	IN	IN
10	election	NN	NN
11	http://bit.ly/aEi59e	URL	URL
12	#oreillyfactor	HT	HT

1	Shower	NN	NNP
2	time	NN	NN
3	the	DT	DT
4	flyin	NNP	JJ
5	pilot	NNP	NN
6	I	PRP	PRP
7	was	VBD	VBD
8	at	IN	IN
9	last	JJ	JJ
10	night	NN	NN
11	did	VBD	VBD
12	n't	RB	RB
13	have	VB	VB
14	no	DT	DT
15	hot	JJ	JJ
16	water	NN	NN
17	uggghh	UH	NN

1	@gabbysueurban	USR	USR
2	WELL	UH	UH
3	seems	VBZ	VBZ
4	like	IN	IN
5	you	PRP	PRP
6	had	VBD	VBD
7	a	DT	DT
8	fantastic	JJ	JJ
9	time	NN	NN
10	!!!	.	.
11	lol	UH	UH
12	MISSED	VBD	UH
13	YAH	PRP	UH
14	!	.	.
15	:)	UH	UH
16	ttys	UH	HT

1	enough	RB	RB
2	assassins	NNP	VBZ
3	creed	NNP	VBN
4	for	IN	IN
5	today	NN	NN
6	,	,	,
7	now	RB	RB
8	its	PRP	PRP$
9	time	NN	NN
10	for	IN	IN
11	some	DT	DT
12	homework	NN	NN
13	,	,	,
14	and	CC	CC
15	a	DT	DT
16	chocolate	NN	NN
17	milkshake	NN	UH
18	:D	UH	UH

1	Most	JJS	JJS
2	things	NNS	NNS
3	usually	RB	RB
4	do	VB	VBP
5	RT	RT	RT
6	@johncabell	USR	USR
7	Somehow	RB	UH
8	it	PRP	PRP
9	seems	VBZ	VBZ
10	a	DT	DT
11	much	RB	RB
12	more	RBR	RBR
13	sensible	JJ	JJ
14	idea	NN	NN
15	when	WRB	WRB
16	@mccanner	USR	CD
17	suggests	VBZ	VBZ
18	it	PRP	PRP
19	.	.	.

1	Dude	NN	NNP
2	in	IN	IN
3	my	PRP$	PRP$
4	group	NN	NN
5	in	IN	IN
6	my	PRP$	PRP$
7	Bcom	NN	JJ
8	class	NN	NN
9	invited	VBD	VBD
10	me	PRP	PRP
11	to	TO	TO
12	an	DT	DT
13	Evangelist	NN	JJ
14	revival	NN	NN
15	mass	NN	NN
16	...	:	:
17	FUCKING	RB	UH
18	HATE	VBP	UH
19	IT	PRP	PRP
20	WHEN	WRB	WRB
21	THEY	PRP	NNP
22	KNOW	VBP	NNP
23	I'M	PRP	NNP
24	PAGAN	NNP	NNP
25	AND	CC	CC
26	INVITE	VBP	VBD
27	ME	PRP	PRP
28	.	.	.
29	ANGER	NN	UH
30	.	.	.

1	We	PRP	PRP
2	should	MD	MD
3	be	VB	VB
4	launching	VBG	VBG
5	our	PRP$	PRP$
6	first	JJ	JJ
7	street	NN	NN
8	team	NN	NN
9	promotion	NN	NN
10	today	NN	NN
11	.	.	.
12	Stay	VB	VB
13	tuned	VBN	VBN
14	!	.	.
15	http://tinyurl.com/22kset2	URL	URL

1	Very	RB	NNP
2	grateful	JJ	JJ
3	for	IN	IN
4	another	DT	DT
5	Monday	NNP	NNP
6	and	CC	CC
7	a	DT	DT
8	new	JJ	JJ
9	week	NN	NN
10	full	JJ	JJ
11	of	IN	IN
12	endless	JJ	JJ
13	possibilities	NNS	NNS
14	!	.	.
15	Go	VB	NNP
16	World	NN	NNP
17	!	.	.

1	SCORES	NNS	HT
2	WEEK	NN	HT
3	#4	HT	HT
4	http://bit.ly/cDuurY	URL	URL

1	New	JJ	NNP
2	Hannah	NNP	NNP
3	Montana	NNP	NNP
4	tonight	NN	NN
5	!!!	.	.
6	:D	UH	UH
7	wow	UH	UH
8	I	PRP	PRP
9	'm	VBP	VBP
10	way	RB	NN
11	to	TO	TO
12	excited	JJ	JJ
13	are	VBP	VBP
14	n't	RB	RB
15	I	PRP	PRP
16	?	.	.

1	tomorrow	NN	NN
2	no	DT	DT
3	school	NN	NN
4	for	IN	IN
5	me	PRP	PRP
6	but	CC	CC
7	I	PRP	PRP
8	'm	VBP	VBP
9	so	RB	RB
10	anxious	JJ	JJ
11	beacuse	IN	NN
12	of	IN	IN
13	tomorrow	NN	NN
14	omg	UH	UH
15	:/	UH	UH

1	Happy	JJ	JJ
2	1	CD	CD
3	month	NN	NN
4	anniversary	NN	NN
5	to	TO	TO
6	my	PRP$	PRP$
7	wonderful	JJ	JJ
8	wife	NN	NN
9	@lizwoodring	USR	USR
10	!!!	.	.

1	I	PRP	PRP
2	finished	VBD	VBD
3	it	PRP	PRP
4	before	IN	IN
5	the	DT	DT
6	bell	NN	NN
7	rang	VBD	VBD
8	,	,	,
9	just	RB	RB
10	after	IN	IN
11	the	DT	DT
12	bell	NN	NN
13	started	VBD	VBD
14	ringing	VBG	VBG
15	..!	.	NN
16	I	PRP	PRP
17	sware	VBP	RB
18	!	.	.

1	@biancalilly	USR	USR
2	ahaha	UH	UH
3	!	.	:
4	Omg	UH	NNP
5	Bianca	NNP	NNP
6	,	,	,
7	that	DT	WDT
8	made	VBD	VBD
9	my	PRP$	PRP$
10	day	NN	NN
11	!	.	.

1	all	DT	DT
2	night	NN	NN
3	email-athon	NN	NN
4	!	.	.
5	really	RB	RB
6	need	VBP	VBP
7	to	TO	TO
8	catch	VB	VB
9	up	RP	RP
10	-	:	:
11	if	IN	IN
12	you	PRP	PRP
13	've	VBP	VBP
14	been	VBN	VBN
15	waiting	VBG	VBG
16	for	IN	IN
17	a	DT	DT
18	reply	NN	NN
19	all	DT	DT
20	summer	NN	NN
21	tonight	NN	NN
22	is	VBZ	VBZ
23	YOUR	PRP$	PRP$
24	night	NN	NN
25	!	.	.

1	RT	RT	RT
2	@Yale	USR	USR
3	:	:	:
4	RT	RT	RT
5	@YaleSOM	USR	USR
6	:	:	:
7	Will	MD	NNP
8	government	NN	NN
9	or	CC	CC
10	markets	NNS	NNS
11	finance	VBP	NN
12	sustainability	NN	NN
13	?	.	.
14	A	DT	DT
15	free	JJ	JJ
16	webinar	NN	NN
17	on	IN	IN
18	Oct	NNP	NNP
19	.	.	.
20	6	CD	CD
21	.	.	.
22	http://bit.ly/YaleSOMwebinar	URL	URL

1	RT	RT	RT
2	@UWEauClaire	USR	USR
3	:	:	:
4	It	PRP	PRP
5	's	VBZ	VBZ
6	Fire	NNP	NNP
7	Prevention	NNP	NNP
8	Week	NNP	NNP
9	2010	CD	CD
10	.	.	.
11	Review	VB	NNP
12	these	DT	DT
13	home	NN	NN
14	prevention	NN	NN
15	guidelines	NNS	NNS
16	http://bit.ly/ahmX6b	URL	URL
17	and	CC	JJ
18	watch	VB	NN
19	this	DT	DT
20	video	NN	NN
21	http	URL	URL
22	:	:	:
23	...	:	:

1	Part	NN	NN
2	of	IN	IN
3	me	PRP	PRP
4	always	RB	RB
5	thinks	VBZ	VBZ
6	life	NN	NN
7	will	MD	MD
8	slow	VB	VB
9	down	RP	RP
10	in	IN	IN
11	the	DT	DT
12	fall	NN	NN
13	,	,	,
14	but	CC	CC
15	it	PRP	PRP
16	feels	VBZ	VBZ
17	far	RB	RB
18	from	IN	IN
19	it	PRP	PRP
20	!	.	.
21	Time	NN	NNP
22	to	TO	TO
23	sync	VB	VB
24	up	RP	RP
25	my	PRP$	PRP$
26	calendars	NNS	NNS
27	soon	RB	RB

1	y'all	PRP	JJ
2	care	VBP	NN
3	if	IN	IN
4	I	PRP	PRP
5	do	VBP	VBP
6	a	DT	DT
7	countdown	NN	NN
8	to	TO	TO
9	#wku	HT	VB
10	homecoming	NN	VBG
11	?	.	.
12	ok	UH	UH
13	,	,	,
14	no	UH	RB
15	?	.	.
16	26	CD	CD
17	days	NNS	NNS

1	Volleyball	NN	NNP
2	player	NN	NN
3	Stephanie	NNP	NNP
4	Rogers	NNP	NNP
5	and	CC	CC
6	cross	NN	JJ
7	country	NN	NN
8	runner	NN	NN
9	Matt	NNP	NNP
10	Brooker	NNP	NNP
11	named	VBD	VBD
12	Cedarville	NNP	NNP
13	SUBWAY	NNP	NNP
14	Athetes	NNP	NNS
15	of	IN	IN
16	the	DT	DT
17	Week	NN	NN
18	(	(	-LRB-
19	9/26-10/2)	CD	NNP
20	.	.	.

1	...	:	:
2	Good	JJ	JJ
3	day	NN	NN
4	at	IN	IN
5	school	NN	NN
6	,!	.	NN
7	Getting	VBG	VBG
8	the	DT	DT
9	bus	NN	NN
10	home	NN	NN
11	from	IN	IN
12	school	NN	NN
13	was	VBD	VBD
14	even	RB	RB
15	funnyer	JJR	UH
16	:D	UH	UH
17	xHahaa	UH	UH
18	!!	.	.
19	;)	UH	UH
20	x	UH	UH

1	@ms_gee	USR	USR
2	Happy	JJ	JJ
3	B	NN	NNP
4	Day	NN	NNP
5	...	:	:

1	@enaj	USR	USR
2	@autoclavicle	USR	USR
3	we	PRP	PRP
4	saw	VBD	VBD
5	one	CD	CD
6	last	JJ	JJ
7	Sun	NNP	NNP
8	morn	NN	NN
9	in	IN	IN
10	St	NNP	NNP
11	Paul	NNP	NNP
12	.	.	.
13	Only	JJ	RB
14	time	NN	VB
15	I	PRP	PRP
16	thought	VBD	VBD
17	it	PRP	PRP
18	could	MD	MD
19	be	VB	VB
20	fun	JJ	NN
21	.	.	.
22	Brunch	NN	HT
23	crawl	NN	NN
24	.	.	.

1	FUCK	VB	NNP
2	3D	NN	NNP
3	!!!!	.	.
4	They	PRP	PRP
5	going	VBG	VBG
6	to	TO	TO
7	remake	VB	VB
8	every	DT	DT
9	single	JJ	JJ
10	one	CD	NN
11	of	IN	IN
12	the	DT	DT
13	starwars	NNP	JJ
14	movies	NNS	NNS
15	in	IN	IN
16	3D	CD	NNP
17	and	CC	CC
18	show	VB	VB
19	new	JJ	JJ
20	one	CD	CD
21	every	DT	DT
22	year	NN	NN
23	from	IN	IN
24	2012	CD	CD
25	till	IN	IN
26	2017	CD	CD
27	.	.	.
28	FUCK	VB	UH
29	YOU	PRP	PRP
30	3D	NN	NN
31	!	.	.

1	RT	RT	RT
2	@malikismusic	USR	USR
3	:	:	:
4	#TEAMPOSITIVITY	HT	NNP
5	ALL	DT	NNP
6	DAY	NN	NNP
7	!!!!	.	.
8	RETWEET	VB	UH
9	!!!	.	.

1	Tomorrow	NN	NNP
2	is	VBZ	VBZ
3	the	DT	DT
4	last	JJ	JJ
5	day	NN	NN
6	to	TO	TO
7	join	VB	VB
8	our	PRP$	PRP$
9	team	NN	NN
10	as	IN	IN
11	we	PRP	PRP
12	"	''	''
13	Race	VB	NNP
14	for	IN	IN
15	the	DT	DT
16	Cure	NN	NNP
17	"!!	.	UH
18	Please	UH	UH
19	follow	VB	VB
20	the	DT	DT
21	instructions	NNS	NNS
22	below	IN	IN
23	to	TO	TO
24	...	:	:
25	http://fb.me/HdvXNndg	URL	URL

1	@Exclusively_T	USR	USR
2	it	PRP	PRP
3	came	VBD	VBD
4	on	IN	IN
5	my	PRP$	PRP$
6	pandora	NNP	JJ
7	today	NN	NN
8	tho	RB	IN
9	loser	NN	NN
10	so	IN	IN
11	I	PRP	PRP
12	tweeted	VBD	VBD
13	it	PRP	PRP
14	,	,	,
15	nobody	NN	NN
16	stuntin	VBG	UH
17	yo	PRP$	UH
18	tweet	NN	VB

1	well	UH	RB
2	i	PRP	PRP
3	will	MD	MD
4	be	VB	VB
5	back	RB	RP
6	later	RB	RB
7	no	DT	DT
8	doubt	NN	NN
9	,	,	,
10	its	PRP	PRP$
11	feeding	VBG	NN
12	time	NN	NN
13	at	IN	IN
14	the	DT	DT
15	zoo	NN	NN
16	!!	.	:
17	See	VB	NNP
18	'll	PRP	MD
19	later	RB	RB
20	!	.	.
21	xx	UH	UH

1	It	PRP	PRP
2	's	VBZ	VBZ
3	time	NN	NN
4	to	TO	TO
5	leave	VB	VB
6	.	.	.
7	Thanks	NNS	UH
8	for	IN	IN
9	the	DT	DT
10	roller	NN	NN
11	coaster	NN	NN
12	ride	NN	NN
13	it	PRP	PRP
14	's	VBZ	VBZ
15	been	VBN	VBN
16	interesting	JJ	JJ
17	but	CC	CC
18	excruciatingly	RB	JJ
19	painful	JJ	JJ
20	!!	.	.

1	@lesanto	USR	USR
2	have	VB	VB
3	a	DT	DT
4	look	NN	NN
5	at	IN	IN
6	http://facebook.com/media14	URL	URL
7	,	,	.
8	there	EX	RB
9	are	VBP	VBP
10	postings	NNS	NNS
11	from	IN	IN
12	TechCrunch	NNP	NN
13	and	CC	CC
14	Flowtown	NNP	NNP
15	that	DT	WDT
16	may	MD	MD
17	help	VB	VB
18	#mobile	HT	JJ

1	RT	RT	RT
2	@jakeandamir	USR	USR
3	:	:	:
4	THIS	DT	DT
5	TWEET	NN	NNP
6	IS	VBZ	VBZ
7	FOR	IN	IN
8	MY	PRP$	PRP$
9	EYES	NNS	NNP
10	ONLY	RB	NNP
11	!	.	.
12	PLEASE	UH	UH
13	STOP	VB	UH
14	READING	VBG	UH
15	!	.	.
16	Hey	UH	UH
17	Amir	NNP	UH
18	,	,	,
19	in	IN	IN
20	case	NN	NN
21	you	PRP	PRP
22	ever	RB	RB
23	forget	VBP	VB
24	,	,	,
25	your	PRP$	PRP$
26	PIN	NN	HT
27	#	NN	HT
28	is	VBZ	NNS
29	3919	CD	CD
30	.	.	.
31	YOU	PRP	PRP
32	MAY	MD	HT
33	ALL	DT	HT
34	BEG	VB	HT

1	@LucaHelvetica	USR	USR
2	Exactly	UH	UH
3	and	CC	CC
4	thats	DT	DT
5	why	WRB	WRB
6	i	PRP	PRP
7	have	VBP	VBP
8	qualified	VBN	VBN
9	every	DT	DT
10	time	NN	NN
11	i	PRP	PRP
12	have	VBP	VBP
13	said	VBN	VBN
14	that	IN	IN
15	he	PRP	PRP
16	hasnt	VBZ	VBP
17	impressed	VBN	VBN
18	me	PRP	PRP

1	My	PRP$	PRP$
2	dad	NN	NN
3	laughed	VBD	VBD
4	when	WRB	WRB
5	he	PRP	PRP
6	read	VBD	VBP
7	about	IN	IN
8	Linkin	NNP	NNP
9	Park	NNP	NNP
10	being	VBG	VBG
11	classified	VBN	VBN
12	under	IN	IN
13	'	''	POS
14	rap-rock'.	NN	JJ
15	I	PRP	PRP
16	hope	VBP	VBP
17	he	PRP	PRP
18	did	VBD	VBD
19	n't	RB	RB
20	mean	VB	VB
21	'	''	POS
22	shit	UH	NN
23	my	PRP$	PRP$
24	son	NN	NN
25	listens	VBZ	NNS
26	to'.	TO	VBP

1	Antick	NNP	NNP
2	Musings	NNP	VBZ
3	post	NN	NN
4	:	:	:
5	Book-A-Day	NNP	JJ
6	2010	CD	CD
7	#	NN	HT
8	243	CD	VBG
9	(	(	UH
10	10/4	CD	WRB
11	)	)	UH
12	--	:	:
13	Gray	NNP	NNP
14	Horses	NNP	WRB
15	by	IN	RP
16	Hope	NNP	VBP
17	Larson	NNP	WRB
18	http://bit.ly/as8fvc	URL	URL

1	Amazing	UH	NNP
2	!	.	.
3	RT	RT	RT
4	@dailygalaxy	USR	USR
5	Image	NN	UH
6	of	IN	IN
7	the	DT	DT
8	Day	NN	NN
9	:	:	:
10	A	DT	DT
11	Ghostly	NNP	HT
12	Reflection	NNP	HT
13	Nebula	NNP	HT
14	http://su.pr/1XBMfP	URL	URL

1	@BexsterBexster	USR	USR
2	@shinobi32768	USR	USR
3	I	PRP	PRP
4	've	VBP	VBP
5	been	VBN	VBN
6	having	VBG	VBG
7	soup	NN	NN
8	all	DT	DT
9	week	NN	NN
10	,	,	,
11	do	VBP	VBP
12	n't	RB	RB
13	really	RB	RB
14	have	VB	VB
15	a	DT	DT
16	favourite	NN	NN
17	.	.	.
18	It	PRP	PRP
19	's	VBZ	VBZ
20	starting	VBG	VBG
21	to	TO	TO
22	taste	VB	VB
23	pretty	RB	RB
24	much	RB	RB
25	the	DT	DT
26	same	JJ	JJ
27	.	.	.

1	Where	WRB	WRB
2	It	PRP	PRP
3	Started	VBD	VBD
4	:	:	:
5	Guest	NN	NNP
6	Editor	NN	NNP
7	Warren	NNP	NNP
8	Ellis	NNP	NNP
9	Explains	VBZ	VBZ
10	The	DT	DT
11	Origin	NN	NN
12	Of	IN	IN
13	'	''	''
14	Red':	NNP	NNP
15	...	:	:
16	next	JJ	JJ
17	two	CD	CD
18	weeks	NNS	NNS
19	of	IN	IN
20	coverage	NN	NN
21	with	IN	IN
22	five	CD	CD
23	...	:	:
24	http://bit.ly/bdoK3l	URL	URL

1	I	PRP	PRP
2	like	VBP	VBP
3	when	WRB	WRB
4	it	PRP	PRP
5	rains	VBZ	NNS
6	.	.	.

1	volleyball	NN	JJ
2	tomorrow	NN	NN

1	I	PRP	PRP
2	'm	VBP	VBP
3	not	RB	RB
4	an	DT	DT
5	emotional	JJ	JJ
6	human	NN	JJ
7	being	NN	NN
8	.	.	.
9	I	PRP	PRP
10	get	VBP	VBP
11	angry	JJ	JJ
12	before	IN	IN
13	I	PRP	PRP
14	get	VBP	VBP
15	sad	JJ	JJ
16	.	.	.
17	And	CC	CC
18	when	WRB	WRB
19	I	PRP	PRP
20	do	VBP	VBP
21	get	VB	VB
22	sad	JJ	JJ
23	,	,	,
24	It	PRP	PRP
25	's	VBZ	VBZ
26	often	RB	RB
27	not	RB	RB
28	that	RB	IN
29	much	JJ	JJ
30	.	.	.
31	I	PRP	PRP
32	guess	VBP	VBP
33	I	PRP	PRP
34	'm	VBP	VBP
35	kinda	RB	JJ
36	heartless	JJ	NNS

1	RT	RT	RT
2	@TricycleTheatre	USR	USR
3	:	:	:
4	v	RB	RB
5	excited	JJ	VBN
6	that	IN	IN
7	Director	NN	NNP
8	Nigel	NNP	NNP
9	Cole	NNP	NNP
10	will	MD	MD
11	join	VB	VB
12	our	PRP$	PRP$
13	Made	NNP	VBN
14	in	NNP	IN
15	Dagenham	NNP	NNP
16	Q__AND__A	NN	NNP
17	next	JJ	JJ
18	week	NN	NN
19	!	.	.
20	More	JJR	JJR
21	info	NN	NN
22	here	RB	RB
23	http://bit.ly/cNOeyS	URL	URL

1	@acoyne	USR	USR
2	but	CC	CC
3	then	RB	RB
4	what	WP	WP
5	's	VBZ	VBZ
6	the	DT	DT
7	point	NN	NN
8	of	IN	IN
9	twitter	NNP	NN
10	if	IN	IN
11	people	NNS	NNS
12	can	MD	MD
13	just	RB	RB
14	write	VB	VB
15	nice	JJ	JJ
16	long	JJ	JJ
17	messages	NNS	NNS
18	?	.	.
19	it	PRP	PRP
20	would	MD	MD
21	lose	VB	VB
22	its	PRP$	PRP$
23	critical	JJ	JJ
24	advantage	NN	NN
25	.	.	.

1	RT	RT	RT
2	@SPN_minion	USR	USR
3	:	:	:
4	#Supernatural	HT	NNP
5	is	VBZ	VBZ
6	like	IN	IN
7	a	DT	DT
8	vitamin	NN	NN
9	,	,	,
10	you	PRP	PRP
11	should	MD	MD
12	take	VB	VB
13	at	IN	IN
14	least	JJS	JJS
15	one	CD	CD
16	dose	NN	NN
17	every	DT	DT
18	day	NN	NN
19	!	.	.

1	After	IN	IN
2	so	RB	RB
3	longggggg	JJ	RB
4	,	,	,
5	I	PRP	PRP
6	'm	VBP	VBP
7	finally	RB	RB
8	outta	IN	VB
9	the	DT	DT
10	overweight	NN	JJ
11	category	NN	NN
12	!	.	:
13	But	CC	CC
14	i	PRP	PRP
15	still	RB	RB
16	hate	VBP	VB
17	my	PRP$	PRP$
18	body	NN	NN
19	.	.	.
20	Sighhhhh	UH	HT
21	~	:	HT

1	Just	RB	RB
2	5	CD	CD
3	days	NNS	NNS
4	until	IN	IN
5	our	PRP$	PRP$
6	huge	JJ	JJ
7	Twice	NNP	NNP
8	Loved	NNP	VBD
9	Boutique	NNP	NNP
10	Breast	NNP	NNP
11	Cancer	NNP	NNP
12	Awareness	NNP	VBZ
13	Bag	NNP	NNP
14	Sale	NN	NNP
15	Savings	NNS	NNP
16	Event	NN	NNP
17	!	.	.
18	!	.	:
19	We	PRP	PRP
20	've	VBP	VBP
21	got	VBN	VBN
22	a	DT	DT
23	tent	NN	NN
24	...	:	:
25	http://fb.me/EXtZkGSX	URL	URL

1	Jiaaah	NNP	NNP
2	..	:	:
3	Ky	NNP	NNP
4	barang	VBG	HT
5	aja	JJ	HT
6	maen	NN	HT
7	nitip	NN	HT
8	"..	:	HT
9	Hahaha	UH	HT
10	..	:	:
11	Udh	NNP	HT
12	jul	NN	HT
13	..	:	:
14	Galakin	NNP	HT
15	aja	UH	HT
16	..	:	:
17	Wkwkwk	NNP	UH
18	RT	RT	RT
19	@riesranty	USR	USR
20	:	:	:
21	@azkuro	USR	USR
22	kak	JJ	UH
23	ajul	NN	UH
24	,	,	,
25	titip	NNP	NN
26	...	:	:
27	http://mtw.tl/lkfslx	URL	URL

1	Mum	NN	NNP
2	just	RB	RB
3	told	VBD	VBD
4	me	PRP	PRP
5	she	PRP	PRP
6	bought	VBD	VBD
7	me	PRP	PRP
8	an	DT	DT
9	alice	NNP	JJ
10	wig	NN	NN
11	and	CC	CC
12	an	DT	DT
13	eclipse	NNP	VB
14	advent	NNP	NN
15	calendar	NN	NN
16	,	,	,
17	could	MD	MD
18	this	DT	DT
19	day	NN	NN
20	get	VB	VB
21	better	JJR	JJR
22	?	.	.

1	He	PRP	PRP
2	did	VBD	VBD
3	okay	JJ	UH
4	when	WRB	WRB
5	he	PRP	PRP
6	played	VBD	VBD
7	.	.	.
8	RT	RT	RT
9	@Itsgreat2bme	USR	USR
10	:	:	:
11	@bmoreumissedit	USR	USR
12	It	PRP	PRP
13	was	VBD	VBD
14	no	DT	DT
15	game	NN	NN
16	for	IN	IN
17	Adam	NNP	NNP
18	,	,	,
19	what	WP	WP
20	is	VBZ	VBZ
21	it	PRP	PRP
22	called	VBD	VBD
23	by-week	NN	JJ
24	?	.	.
25	How	WRB	WRB
26	did	VBD	VBD
27	little	JJ	JJ
28	G	NNP	NNP
29	do	VBP	VBP
30	?	.	.

1	"	''	''
2	when	WRB	WRB
3	ur	PRP	PRP
4	feelin	VBG	VBP
5	good	JJ	JJ
6	in	IN	IN
7	somebodys	NN	JJ
8	spot	NN	NN
9	gettin	VBG	RB
10	hot	JJ	JJ
11	dont	VB	VBP
12	stop	VB	NN
13	..	:	:
14	just	RB	RB
15	dont	VB	VBP
16	think	VB	VBP
17	im	PRP	PRP
18	not	RB	RB
19	..	:	:
20	cuz	IN	HT
21	im	PRP	PRP
22	out	IN	RP
23	gettin	VBG	UH
24	mineS	NNS	HT
25	"!	.	HT
26	realest	JJS	HT
27	throwback	NN	HT
28	of	IN	IN
29	all	DT	DT
30	time	NN	NN

1	@IAMtheCOMMODORE	USR	USR
2	Today	NN	NN
3	is	VBZ	VBZ
4	my	PRP$	PRP$
5	20th	JJ	JJ
6	birthday	NN	NN
7	and	CC	CC
8	it	PRP	PRP
9	would	MD	MD
10	mean	VB	VB
11	the	DT	DT
12	world	NN	NN
13	to	TO	TO
14	me	PRP	PRP
15	if	IN	IN
16	I	PRP	PRP
17	got	VBD	VBD
18	an	DT	DT
19	@reply	NN	USR
20	from	IN	IN
21	you	PRP	PRP
22	today	NN	NN
23	!	.	.
24	&lt;	UH	UH
25	3	UH	UH

1	Happy	JJ	JJ
2	Monday	NNP	NNP
3	to	TO	TO
4	Everyone	NN	NN
5	!	.	.
6	#education	HT	HT
7	can	MD	MD
8	never	RB	RB
9	be	VB	VB
10	taken	VBN	VBN
11	away	RB	RP
12	...	:	:
13	go	VB	VB
14	follow	VB	VB
15	your	PRP$	PRP$
16	#dreams	HT	NNS

1	@taylorrhicks	USR	USR
2	Thunder	NN	UH
3	,	,	,
4	lightening	NN	VBG
5	,	,	,
6	first	JJ	JJ
7	rain	NN	NN
8	we	PRP	PRP
9	've	VBP	VBP
10	had	VBN	VBN
11	in	IN	IN
12	months	NNS	NNS
13	...	:	:
14	love	VBP	VBP
15	it	PRP	PRP
16	!	.	.
17	Chukchansi	NNP	NNP
18	had	VBD	VBD
19	a	DT	DT
20	pow	NN	JJ
21	wow	NN	NN
22	this	DT	DT
23	weekend	NN	NN
24	.	.	.
25	Think	VBP	VB
26	someone	NN	NN
27	did	VBD	VBD
28	a	DT	DT
29	...	:	:

1	Got	VBD	VBZ
2	another	DT	DT
3	two	CD	CD
4	box	NN	NN
5	of	IN	IN
6	chocolate	NN	NN
7	from	IN	IN
8	sister	NN	NN
9	.	.	.
10	.	.	UH
11	Rewind	VB	UH
12	the	DT	DT
13	1st	CD	JJ
14	time	NN	NN
15	I	PRP	PRP
16	gave	VBD	VBD
17	you	PRP	PRP
18	a	DT	DT
19	bar	NN	NN
20	of	IN	IN
21	chocolate	NN	NN
22	.	.	.
23	.	.	.
24	Everything	NN	NNP
25	pratically	RB	FW
26	remind	VBP	FW
27	me	PRP	FW
28	of	IN	IN
29	you	PRP	PRP
30	?	.	.

1	@MzStarrBurst	USR	USR
2	You	PRP	PRP
3	doing	VBG	VBG
4	a	DT	DT
5	person	NN	NN
6	's	POS	POS
7	makeup	NN	NN
8	does	VBZ	VBZ
9	n't	RB	RB
10	dictate	VB	VB
11	what	WP	WP
12	medication	NN	NN
13	they	PRP	PRP
14	may	MD	MD
15	receive	VB	VB
16	.	.	.
17	That	DT	DT
18	's	VBZ	VBZ
19	my	PRP$	PRP$
20	point	NN	NN
21	.	.	.

1	Do	VBP	VB
2	you	PRP	PRP
3	want	VBP	VBP
4	to	TO	TO
5	learn	VB	VB
6	how	WRB	WRB
7	to	TO	TO
8	get	VB	VB
9	rooms	NNS	NNS
10	at	IN	IN
11	the	DT	DT
12	Marriott	NNP	NN
13	for	IN	IN
14	$35	CD	NN
15	a	DT	DT
16	night	NN	NN
17	,	,	,
18	all	DT	DT
19	year	NN	NN
20	long	JJ	RB
21	?	.	.
22	Check	VB	VB
23	this	DT	DT
24	out	RP	RB
25	!	.	.
26	------	SYM	UH
27	&gt;	SYM	UH
28	http://bit.ly/cL9IwC	URL	URL

1	RT	RT	RT
2	@IronRangeMN	USR	USR
3	:	:	:
4	October	NNP	NNP
5	Iron	NNP	NNP
6	Range	NNP	NNP
7	eNews	NNS	NNS
8	and	CC	CC
9	Specials	NNS	HT
10	http://conta.cc/9N6D15	URL	URL
11	via	HT	IN
12	#constantcontact	HT	NN

1	Dierks	NNP	HT
2	Bentley	NNP	HT
3	Admits	VBZ	HT
4	He	PRP	PRP
5	Snuck	VBP	VBZ
6	Into	IN	NNP
7	Grand	NNP	NNP
8	Ole	NNP	NNP
9	Opry	NNP	NNP
10	Before	IN	IN
11	He	PRP	PRP
12	Made	VBD	VBN
13	It	PRP	PRP
14	Big	JJ	NNP
15	:	:	:
16	Just	RB	RB
17	days	NNS	NNS
18	after	IN	RB
19	join	NN	VB
20	...	:	:
21	http://bit.ly/9LJLHE	URL	URL

1	Antick	NNP	NNP
2	Musings	NNP	VBZ
3	post	NN	NN
4	:	:	:
5	Reviewing	VBG	VBG
6	the	DT	DT
7	Mail	NN	NNP
8	:	:	:
9	Week	NN	NN
10	of	IN	IN
11	10/2	CD	HT
12	http://bit.ly/9PIm5E	URL	URL

1	Trying	VBG	VBG
2	Something	NN	NN
3	New	JJ	NNP
4	In	IN	IN
5	Bed	NN	JJ
6	(	(	-LRB-
7	You	PRP	PRP
8	Game	JJ	NN
9	?	.	.
10	)	)	-RRB-
11	:	:	:
12	Someone	NN	NN
13	wrote	VBD	VBD
14	me	PRP	PRP
15	last	JJ	JJ
16	week	NN	NN
17	about	IN	IN
18	wanting	VBG	VBG
19	to	TO	TO
20	role	VB	NN
21	play	VB	NN
22	.	.	.
23	Her	PRP$	PRP$
24	husband	NN	NN
25	is	VBZ	VBZ
26	a	DT	DT
27	...	:	:
28	http://yhoo.it/bX9l33	URL	URL

1	Our	PRP$	PRP$
2	October	NNP	NNP
3	issue	NN	NN
4	drops	VBZ	VBZ
5	today	NN	NN
6	!	.	.
7	Pick	VB	VB
8	up	RP	RP
9	a	DT	DT
10	copy	NN	NN
11	in	IN	IN
12	your	PRP$	PRP$
13	area	NN	NN
14	for	IN	IN
15	birthday	NN	NN
16	party	NN	NN
17	ideas	NNS	NNS
18	and	CC	CC
19	resources	NNS	NNS
20	,	,	,
21	tons	NNS	NNS
22	of	IN	IN
23	...	:	:
24	http://fb.me/HsqX911j	URL	URL

1	Today	NN	NN
2	has	VBZ	VBZ
3	been	VBN	VBN
4	a	DT	DT
5	GREAT	JJ	JJ
6	day	NN	NN
7	__AND__	CC	CC
8	it	PRP	PRP
9	just	RB	RB
10	keeps	VBZ	VBZ
11	getting	VBG	VBG
12	better	RB	JJR
13	!!!	.	.
14	Thank	VB	VB
15	You	PRP	PRP
16	Lord	NNP	NNP
17	!	.	.

1	Big	JJ	NNP
2	news	NN	NN
3	,	,	,
4	indeed	RB	RB
5	!	.	.
6	RT	RT	RT
7	@AlexPappasDC	USR	USR
8	Big	JJ	JJ
9	news	NN	NN
10	at	IN	IN
11	TheDC	NNP	UH
12	RT	RT	RT
13	@mkhammer	USR	USR
14	Start	VB	UH
15	new	JJ	JJ
16	job	NN	NN
17	doing	VBG	VBG
18	video	NN	NN
19	@DailyCaller	USR	USR
20	tomorrow	NN	NN
21	!	.	.
22	http://is.gd/fKm4j	URL	URL

1	I	PRP	PRP
2	'm	VBP	VBP
3	so	RB	RB
4	addicted	VBN	VBN
5	to	TO	TO
6	Twitter	NNP	NNP
7	now	RB	RB
8	that	IN	IN
9	I	PRP	PRP
10	can	MD	MD
11	tweet	VB	VB
12	all	DT	PDT
13	the	DT	DT
14	time	NN	NN
15	.	.	.
16	Not	RB	RB
17	good	JJ	JJ
18	.	.	.

1	@DORSEY33	USR	USR
2	lol	UH	UH
3	aw	UH	UH
4	.	.	.
5	i	PRP	PRP
6	thought	VBD	VBD
7	u	PRP	PRP
8	was	VBD	VBD
9	talkin	VBG	JJ
10	bout	IN	NN
11	another	DT	DT
12	time	NN	NN
13	.	.	.
14	nd	CC	UH
15	i	PRP	PRP
16	dnt	VBP	RB
17	see	VB	VB
18	u	PRP	PRP
19	either	RB	RB
20	!	.	.

1	Deez	DT	NNP
2	niggaz	NNS	NN
3	now	RB	RB
4	a	DT	DT
5	days	NNS	NNS
6	is	VBZ	VBZ
7	strate	JJ	JJ
8	clowns	NNS	NNS
9	...	:	:
10	85%	CD	NN
11	of	IN	IN
12	deez	DT	JJ
13	niggaz	NNS	NN
14	ai	VBP	VBZ
15	n't	RB	RB
16	shit	JJ	NN
17	wit	IN	NN
18	out	IN	IN
19	eachother	NN	NN
20	..	:	:
21	#bitchmade	HT	HT

1	@Bibhu2109	USR	USR
2	No	UH	UH
3	.	.	.
4	He	PRP	PRP
5	's	VBZ	VBZ
6	gonna	VBG	VBG
7	run	VB	VBN
8	out	IN	RP
9	of	IN	IN
10	money	NN	NN
11	some	DT	DT
12	day	NN	NN
13	:P	UH	NN

1	@SincerelyKRenee	USR	USR
2	but	CC	CC
3	u	PRP	PRP
4	can	MD	MD
5	just	RB	RB
6	get	VB	VB
7	her	PRP	PRP$
8	shit	NN	NN
9	today	NN	NN
10	n	CC	CC
11	do	VBP	VBP
12	n't	RB	RB
13	forget	VB	VB
14	goosh	UH	RB
15	we	PRP	PRP
16	know	VBP	VBP
17	how	WRB	WRB
18	u	PRP	PRP
19	get	VBP	VBP
20	b4	IN	RB
21	I	PRP	PRP
22	make	VBP	VBP
23	her	PRP	PRP
24	beat	VBP	VBD
25	on	IN	IN
26	u	PRP	PRP

1	Forbidden	NNP	NNP
2	Fruit	NNP	NNP
3	:	:	:
4	How	WRB	WRB
5	to	TO	TO
6	Deal	VB	NNP
7	When	WRB	WRB
8	Your	PRP$	PRP$
9	Crush	NN	NNP
10	Is	VBZ	VBZ
11	Taken	VBN	VBN
12	:	:	:
13	http://yhoo.it/aFG5Ue	URL	URL
